2022-08-08 22:50:34,586 [DEBUG] org.springframework.security.web.FilterChainProxy [http-nio-8082-exec-5] Securing GET /search?code=aamp&submit=
2022-08-08 22:50:34,592 [DEBUG] org.springframework.security.web.context.SecurityContextPersistenceFilter [http-nio-8082-exec-5] Set SecurityContextHolder to empty SecurityContext
2022-08-08 22:50:34,592 [DEBUG] org.springframework.security.web.authentication.AnonymousAuthenticationFilter [http-nio-8082-exec-5] Set SecurityContextHolder to anonymous SecurityContext
2022-08-08 22:50:34,592 [DEBUG] org.springframework.security.web.access.intercept.FilterSecurityInterceptor [http-nio-8082-exec-5] Authorized filter invocation [GET /search?code=aamp&submit=] with attributes [anonymous]
2022-08-08 22:50:34,592 [DEBUG] org.springframework.security.web.FilterChainProxy [http-nio-8082-exec-5] Secured GET /search?code=aamp&submit=
2022-08-08 22:50:34,594 [INFO] com.deutschebahn.rest.service.OperationOfficeService [http-nio-8082-exec-5] TS Class: com.deutschebahn.rest.service.OperationOfficeService. Method: getOperationOfficeByCodeFromCollection hat begonnen, @ 2022-08-08T22:50:34.593968 
2022-08-08 22:50:34,594 [INFO] com.deutschebahn.rest.service.OperationOfficeService [http-nio-8082-exec-5] now we are inside of the method called getOperationOfficeByCode : 2022-08-08T22:50:34.594143
2022-08-08 22:50:34,596 [INFO] com.deutschebahn.rest.service.OperationOfficeService [http-nio-8082-exec-5] TS Class: com.deutschebahn.rest.service.OperationOfficeService. Method: getOperationOfficeByCodeFromCollection has beendet, @ 2022-08-08T22:50:34.596864 
2022-08-08 22:50:34,597 [INFO] com.deutschebahn.rest.service.OperationOfficeService [http-nio-8082-exec-5] TS Class: com.deutschebahn.rest.service.OperationOfficeService. Method: getOperationOfficeByCodeFromCollection hat gedauert, @ 2 milliseconds 
2022-08-08 22:50:34,603 [DEBUG] org.springframework.security.web.context.SecurityContextPersistenceFilter [http-nio-8082-exec-5] Cleared SecurityContextHolder to complete request
2022-08-08 22:50:34,716 [DEBUG] org.springframework.security.web.FilterChainProxy [http-nio-8082-exec-6] Securing GET /images/db.png
2022-08-08 22:50:34,717 [DEBUG] org.springframework.security.web.context.SecurityContextPersistenceFilter [http-nio-8082-exec-6] Set SecurityContextHolder to empty SecurityContext
2022-08-08 22:50:34,718 [DEBUG] org.springframework.security.web.authentication.AnonymousAuthenticationFilter [http-nio-8082-exec-6] Set SecurityContextHolder to anonymous SecurityContext
2022-08-08 22:50:34,718 [DEBUG] org.springframework.security.web.access.intercept.FilterSecurityInterceptor [http-nio-8082-exec-6] Authorized filter invocation [GET /images/db.png] with attributes [anonymous]
2022-08-08 22:50:34,718 [DEBUG] org.springframework.security.web.FilterChainProxy [http-nio-8082-exec-6] Secured GET /images/db.png
2022-08-08 22:50:34,725 [DEBUG] org.springframework.security.web.context.SecurityContextPersistenceFilter [http-nio-8082-exec-6] Cleared SecurityContextHolder to complete request
2022-08-08 22:50:38,697 [DEBUG] org.springframework.security.web.FilterChainProxy [http-nio-8082-exec-7] Securing GET /search?code=le+h&submit=
2022-08-08 22:50:38,697 [DEBUG] org.springframework.security.web.context.SecurityContextPersistenceFilter [http-nio-8082-exec-7] Set SecurityContextHolder to empty SecurityContext
2022-08-08 22:50:38,697 [DEBUG] org.springframework.security.web.authentication.AnonymousAuthenticationFilter [http-nio-8082-exec-7] Set SecurityContextHolder to anonymous SecurityContext
2022-08-08 22:50:38,698 [DEBUG] org.springframework.security.web.access.intercept.FilterSecurityInterceptor [http-nio-8082-exec-7] Authorized filter invocation [GET /search?code=le+h&submit=] with attributes [anonymous]
2022-08-08 22:50:38,698 [DEBUG] org.springframework.security.web.FilterChainProxy [http-nio-8082-exec-7] Secured GET /search?code=le+h&submit=
2022-08-08 22:50:38,699 [INFO] com.deutschebahn.rest.service.OperationOfficeService [http-nio-8082-exec-7] TS Class: com.deutschebahn.rest.service.OperationOfficeService. Method: getOperationOfficeByCodeFromCollection hat begonnen, @ 2022-08-08T22:50:38.699098 
2022-08-08 22:50:38,699 [INFO] com.deutschebahn.rest.service.OperationOfficeService [http-nio-8082-exec-7] now we are inside of the method called getOperationOfficeByCode : 2022-08-08T22:50:38.699283
2022-08-08 22:50:38,708 [INFO] com.deutschebahn.rest.service.OperationOfficeService [http-nio-8082-exec-7] TS Class: com.deutschebahn.rest.service.OperationOfficeService. Method: getOperationOfficeByCodeFromCollection has beendet, @ 2022-08-08T22:50:38.708935 
2022-08-08 22:50:38,709 [INFO] com.deutschebahn.rest.service.OperationOfficeService [http-nio-8082-exec-7] TS Class: com.deutschebahn.rest.service.OperationOfficeService. Method: getOperationOfficeByCodeFromCollection hat gedauert, @ 9 milliseconds 
2022-08-08 22:50:38,716 [DEBUG] org.springframework.security.web.context.SecurityContextPersistenceFilter [http-nio-8082-exec-7] Cleared SecurityContextHolder to complete request
2022-08-08 22:50:38,834 [DEBUG] org.springframework.security.web.FilterChainProxy [http-nio-8082-exec-8] Securing GET /images/db.png
2022-08-08 22:50:38,834 [DEBUG] org.springframework.security.web.context.SecurityContextPersistenceFilter [http-nio-8082-exec-8] Set SecurityContextHolder to empty SecurityContext
2022-08-08 22:50:38,835 [DEBUG] org.springframework.security.web.authentication.AnonymousAuthenticationFilter [http-nio-8082-exec-8] Set SecurityContextHolder to anonymous SecurityContext
2022-08-08 22:50:38,835 [DEBUG] org.springframework.security.web.access.intercept.FilterSecurityInterceptor [http-nio-8082-exec-8] Authorized filter invocation [GET /images/db.png] with attributes [anonymous]
2022-08-08 22:50:38,835 [DEBUG] org.springframework.security.web.FilterChainProxy [http-nio-8082-exec-8] Secured GET /images/db.png
2022-08-08 22:50:38,837 [DEBUG] org.springframework.security.web.context.SecurityContextPersistenceFilter [http-nio-8082-exec-8] Cleared SecurityContextHolder to complete request
2022-08-08 22:50:43,969 [DEBUG] org.springframework.security.web.FilterChainProxy [http-nio-8082-exec-9] Securing GET /search?code=mgzbb&submit=
2022-08-08 22:50:43,969 [DEBUG] org.springframework.security.web.context.SecurityContextPersistenceFilter [http-nio-8082-exec-9] Set SecurityContextHolder to empty SecurityContext
2022-08-08 22:50:43,969 [DEBUG] org.springframework.security.web.authentication.AnonymousAuthenticationFilter [http-nio-8082-exec-9] Set SecurityContextHolder to anonymous SecurityContext
2022-08-08 22:50:43,971 [DEBUG] org.springframework.security.web.access.intercept.FilterSecurityInterceptor [http-nio-8082-exec-9] Authorized filter invocation [GET /search?code=mgzbb&submit=] with attributes [anonymous]
2022-08-08 22:50:43,971 [DEBUG] org.springframework.security.web.FilterChainProxy [http-nio-8082-exec-9] Secured GET /search?code=mgzbb&submit=
2022-08-08 22:50:43,972 [INFO] com.deutschebahn.rest.service.OperationOfficeService [http-nio-8082-exec-9] TS Class: com.deutschebahn.rest.service.OperationOfficeService. Method: getOperationOfficeByCodeFromCollection hat begonnen, @ 2022-08-08T22:50:43.972800 
2022-08-08 22:50:43,973 [INFO] com.deutschebahn.rest.service.OperationOfficeService [http-nio-8082-exec-9] now we are inside of the method called getOperationOfficeByCode : 2022-08-08T22:50:43.973139
2022-08-08 22:50:43,986 [INFO] com.deutschebahn.rest.service.OperationOfficeService [http-nio-8082-exec-9] TS Class: com.deutschebahn.rest.service.OperationOfficeService. Method: getOperationOfficeByCodeFromCollection has beendet, @ 2022-08-08T22:50:43.986257 
2022-08-08 22:50:43,987 [INFO] com.deutschebahn.rest.service.OperationOfficeService [http-nio-8082-exec-9] TS Class: com.deutschebahn.rest.service.OperationOfficeService. Method: getOperationOfficeByCodeFromCollection hat gedauert, @ 13 milliseconds 
2022-08-08 22:50:43,995 [DEBUG] org.springframework.security.web.context.SecurityContextPersistenceFilter [http-nio-8082-exec-9] Cleared SecurityContextHolder to complete request
2022-08-08 22:50:44,091 [DEBUG] org.springframework.security.web.FilterChainProxy [http-nio-8082-exec-10] Securing GET /images/db.png
2022-08-08 22:50:44,091 [DEBUG] org.springframework.security.web.context.SecurityContextPersistenceFilter [http-nio-8082-exec-10] Set SecurityContextHolder to empty SecurityContext
2022-08-08 22:50:44,091 [DEBUG] org.springframework.security.web.authentication.AnonymousAuthenticationFilter [http-nio-8082-exec-10] Set SecurityContextHolder to anonymous SecurityContext
2022-08-08 22:50:44,091 [DEBUG] org.springframework.security.web.access.intercept.FilterSecurityInterceptor [http-nio-8082-exec-10] Authorized filter invocation [GET /images/db.png] with attributes [anonymous]
2022-08-08 22:50:44,091 [DEBUG] org.springframework.security.web.FilterChainProxy [http-nio-8082-exec-10] Secured GET /images/db.png
2022-08-08 22:50:44,094 [DEBUG] org.springframework.security.web.context.SecurityContextPersistenceFilter [http-nio-8082-exec-10] Cleared SecurityContextHolder to complete request
2022-08-08 22:51:26,936 [INFO] org.springframework.orm.jpa.LocalContainerEntityManagerFactoryBean [SpringApplicationShutdownHook] Closing JPA EntityManagerFactory for persistence unit 'default'
2022-08-08 22:51:26,937 [INFO] org.hibernate.tool.schema.internal.SchemaDropperImpl$DelayedDropActionImpl [SpringApplicationShutdownHook] HHH000477: Starting delayed evictData of schema as part of SessionFactory shut-down'
2022-08-08 22:51:27,897 [INFO] com.zaxxer.hikari.HikariDataSource [SpringApplicationShutdownHook] HikariPool-1 - Shutdown initiated...
2022-08-08 22:51:27,908 [INFO] com.zaxxer.hikari.HikariDataSource [SpringApplicationShutdownHook] HikariPool-1 - Shutdown completed.
